[master 452fdbb] Commit
 1 file changed, 44 insertions(+)
[master abf9764] Commit
 1 file changed, 1 insertion(+), 1 deletion(-)
On branch master
Your branch is up-to-date with 'origin/master'.
Untracked files:
	.local.git.out

nothing added to commit but untracked files present
On branch master
Your branch is up-to-date with 'origin/master'.
Untracked files:
	.local.git.out

nothing added to commit but untracked files present
[master 2d23dc9] Commit
 1 file changed, 1 insertion(+), 1 deletion(-)
On branch master
Your branch is up-to-date with 'origin/master'.
Untracked files:
	.local.git.out

nothing added to commit but untracked files present
[master 547cdec] Commit
 2 files changed, 17 insertions(+), 2 deletions(-)
 create mode 100644 total.txt
[master 8d56443] Commit
 1 file changed, 15 deletions(-)
 delete mode 100644 total.txt
[master f4c8ef7] Commit
 2 files changed, 24 insertions(+), 9 deletions(-)
 create mode 100644 total.txt
[master b3581dd] Commit
 1 file changed, 15 deletions(-)
 delete mode 100644 total.txt
[master 6bb2c83] Commit
 2 files changed, 17 insertions(+), 2 deletions(-)
 create mode 100644 total.txt
[master 41a76c9] Commit
 1 file changed, 5 insertions(+), 5 deletions(-)
[master 13407c6] Commit
 1 file changed, 15 deletions(-)
 delete mode 100644 total.txt
[master 18643ce] Commit
 1 file changed, 15 insertions(+)
 create mode 100644 total.txt
[master f8b1dca] Commit
 1 file changed, 15 deletions(-)
 delete mode 100644 total.txt
[master c7ea2de] Commit
 2 files changed, 16 insertions(+), 1 deletion(-)
 create mode 100644 total.txt
[master 0d25b52] Commit
 1 file changed, 4 insertions(+), 2 deletions(-)
[master 3945a52] Commit
 1 file changed, 2 deletions(-)
[master ea43d91] Commit
 1 file changed, 2 insertions(+), 2 deletions(-)
[master e7a887b] Commit
 1 file changed, 1 insertion(+), 1 deletion(-)
On branch master
Your branch is up-to-date with 'origin/master'.
Untracked files:
	.local.git.out
	.local.total.out
	MyMalloc.o
	MyMalloc.so
	diff.out
	test0
	test0.org.out
	test0.out
	test1
	test1-1
	test1-1.org.out
	test1-1.out
	test1-2
	test1-3
	test1-4
	test1.org.out
	test1.out
	test10
	test10.org.out
	test10.out
	test2
	test2.org.out
	test2.out
	test3
	test3.org.out
	test3.out
	test4
	test4.org.out
	test4.out
	test5
	test5.org.out
	test5.out
	test6
	test6.org.out
	test6.out
	test7
	test7.org.out
	test7.out
	test8
	test8.org.out
	test8.out
	test9
	test9.org.out
	test9.out
	total.out

nothing added to commit but untracked files present
[master 994cc50] Commit
 1 file changed, 1 insertion(+), 1 deletion(-)
[master 3f12dd6] Commit
 1 file changed, 1 insertion(+), 1 deletion(-)
[master f02a47c] Commit
 1 file changed, 15 deletions(-)
 delete mode 100644 total.txt
On branch master
Your branch is up-to-date with 'origin/master'.
Untracked files:
	.local.git.out
	.local.total.out

nothing added to commit but untracked files present
[master 1127b84] Commit
 1 file changed, 1 insertion(+), 1 deletion(-)
[master f54419a] Commit
 1 file changed, 1 insertion(+), 1 deletion(-)
On branch master
Your branch is up-to-date with 'origin/master'.
Untracked files:
	.local.git.out
	.local.total.out

nothing added to commit but untracked files present
[master 91674a3] Commit
 1 file changed, 1 insertion(+), 1 deletion(-)
[master 753adaa] Commit
 1 file changed, 2 insertions(+), 2 deletions(-)
On branch master
Your branch is up-to-date with 'origin/master'.
Untracked files:
	.local.git.out
	.local.total.out

nothing added to commit but untracked files present
On branch master
Your branch is up-to-date with 'origin/master'.
Untracked files:
	.local.git.out
	.local.total.out

nothing added to commit but untracked files present
[master 5f0e386] Commit
 1 file changed, 11 insertions(+), 9 deletions(-)
On branch master
Your branch is up-to-date with 'origin/master'.
Untracked files:
	.local.git.out
	.local.total.out

nothing added to commit but untracked files present
[master 2508663] Commit
 1 file changed, 1 insertion(+), 1 deletion(-)
On branch master
Your branch is up-to-date with 'origin/master'.
Untracked files:
	.local.git.out
	.local.total.out

nothing added to commit but untracked files present
[master 5ec5e65] Commit
 1 file changed, 3 insertions(+), 3 deletions(-)
On branch master
Your branch is up-to-date with 'origin/master'.
Untracked files:
	.local.git.out
	.local.total.out

nothing added to commit but untracked files present
[master 569016b] Commit
 1 file changed, 1 insertion(+), 1 deletion(-)
[master bcae846] Commit
 1 file changed, 1 insertion(+), 1 deletion(-)
On branch master
Your branch is up-to-date with 'origin/master'.
Untracked files:
	.local.git.out
	.local.total.out

nothing added to commit but untracked files present
[master c96f31b] Commit
 1 file changed, 1 insertion(+), 1 deletion(-)
On branch master
Your branch is up-to-date with 'origin/master'.
Untracked files:
	.local.git.out
	.local.total.out

nothing added to commit but untracked files present
[master 7a9f049] Commit
 1 file changed, 5 insertions(+), 2 deletions(-)
[master d62a30a] Commit
 1 file changed, 1 insertion(+), 1 deletion(-)
On branch master
Your branch is up-to-date with 'origin/master'.
Untracked files:
	.local.git.out
	.local.total.out

nothing added to commit but untracked files present
[master d5940bd] Commit
 1 file changed, 1 insertion(+), 2 deletions(-)
On branch master
Your branch is up-to-date with 'origin/master'.
Untracked files:
	.local.git.out
	.local.total.out

nothing added to commit but untracked files present
[master 85c3320] Commit
 1 file changed, 8 insertions(+), 8 deletions(-)
On branch master
Your branch is up-to-date with 'origin/master'.
Untracked files:
	.MyMalloc.c.swp
	.local.git.out
	.local.total.out

nothing added to commit but untracked files present
[master 1f28616] Commit
 1 file changed, 2 insertions(+)
[master f264665] Commit
 1 file changed, 1 insertion(+), 1 deletion(-)
On branch master
Your branch is up-to-date with 'origin/master'.
Untracked files:
	.local.git.out
	.local.total.out

nothing added to commit but untracked files present
[master 9af6f80] Commit
 1 file changed, 2 insertions(+), 2 deletions(-)
On branch master
Your branch is up-to-date with 'origin/master'.
Untracked files:
	.local.git.out
	.local.total.out

nothing added to commit but untracked files present
[master ced82a3] Commit
 1 file changed, 1 insertion(+), 1 deletion(-)
On branch master
Your branch is up-to-date with 'origin/master'.
Untracked files:
	.local.git.out
	.local.total.out

nothing added to commit but untracked files present
[master ce16d1e] Commit
 1 file changed, 3 insertions(+), 2 deletions(-)
On branch master
Your branch is up-to-date with 'origin/master'.
Untracked files:
	.MyMalloc.c.swp
	.local.git.out
	.local.total.out

nothing added to commit but untracked files present
On branch master
Your branch is up-to-date with 'origin/master'.
Untracked files:
	.MyMalloc.c.swp
	.local.git.out
	.local.total.out

nothing added to commit but untracked files present
On branch master
Your branch is up-to-date with 'origin/master'.
Untracked files:
	.MyMalloc.c.swp
	.local.git.out
	.local.total.out

nothing added to commit but untracked files present
[master c9b2b49] Commit
 1 file changed, 1 insertion(+), 1 deletion(-)
[master cc2c6df] Commit
 1 file changed, 8 insertions(+), 2 deletions(-)
On branch master
Your branch is up-to-date with 'origin/master'.
Untracked files:
	.local.git.out
	.local.total.out

nothing added to commit but untracked files present
On branch master
Your branch is behind 'origin/master' by 1 commit, and can be fast-forwarded.
  (use "git pull" to update your local branch)
Untracked files:
	.local.git.out
	.local.total.out

nothing added to commit but untracked files present
On branch master
Your branch is up-to-date with 'origin/master'.
Untracked files:
	.local.git.out
	.local.total.out

nothing added to commit but untracked files present
On branch master
Your branch is up-to-date with 'origin/master'.
Untracked files:
	.local.git.out
	.local.total.out

nothing added to commit but untracked files present
[master 26be2f7] Commit
 2 files changed, 12 insertions(+), 12 deletions(-)
On branch master
Your branch is up-to-date with 'origin/master'.
Untracked files:
	.local.git.out
	.local.total.out

nothing added to commit but untracked files present
[master eb6f79f] Commit
 1 file changed, 6 insertions(+), 1 deletion(-)
On branch master
Your branch is up-to-date with 'origin/master'.
Untracked files:
	.local.git.out
	.local.total.out

nothing added to commit but untracked files present
[master e570f02] Commit
 1 file changed, 1 insertion(+), 1 deletion(-)
On branch master
Your branch is up-to-date with 'origin/master'.
Untracked files:
	.local.git.out
	.local.total.out
	.test2.c.swp

nothing added to commit but untracked files present
[master 5cbf717] Commit
 1 file changed, 1 insertion(+), 1 deletion(-)
On branch master
Your branch is up-to-date with 'origin/master'.
Untracked files:
	.local.git.out
	.local.total.out

nothing added to commit but untracked files present
[master d3bdb81] Commit
 1 file changed, 1 insertion(+), 1 deletion(-)
On branch master
Your branch is up-to-date with 'origin/master'.
Untracked files:
	.local.git.out
	.local.total.out

nothing added to commit but untracked files present
[master 98f09ce] Commit
 1 file changed, 3 insertions(+), 3 deletions(-)
On branch master
Your branch is up-to-date with 'origin/master'.
Untracked files:
	.local.git.out
	.local.total.out

nothing added to commit but untracked files present
[master f7b4f13] Commit
 1 file changed, 2 insertions(+), 2 deletions(-)
On branch master
Your branch is up-to-date with 'origin/master'.
Untracked files:
	.local.git.out
	.local.total.out

nothing added to commit but untracked files present
On branch master
Your branch is up-to-date with 'origin/master'.
Untracked files:
	.local.git.out
	.local.total.out

nothing added to commit but untracked files present
On branch master
Your branch is up-to-date with 'origin/master'.
Untracked files:
	.local.git.out
	.local.total.out

nothing added to commit but untracked files present
[master b7931d8] Commit
 2 files changed, 16 insertions(+), 1 deletion(-)
 create mode 100644 total.txt
[master 464ab8f] Commit
 3 files changed, 2 insertions(+), 17 deletions(-)
 delete mode 100644 total.txt
On branch master
Your branch is up-to-date with 'origin/master'.
Untracked files:
	.local.git.out
	.local.total.out

nothing added to commit but untracked files present
On branch master
Your branch is up-to-date with 'origin/master'.
Untracked files:
	.local.git.out
	.local.total.out

nothing added to commit but untracked files present
[master 5e3a967] Commit
 2 files changed, 16 insertions(+), 1 deletion(-)
 create mode 100644 total.txt
[master d6a5f2b] Commit
 3 files changed, 7 insertions(+), 17 deletions(-)
 delete mode 100644 total.txt
On branch master
Your branch is up-to-date with 'origin/master'.
Untracked files:
	.local.git.out
	.local.total.out

nothing added to commit but untracked files present
[master b87a88c] Commit
 1 file changed, 2 insertions(+), 1 deletion(-)
On branch master
Your branch is up-to-date with 'origin/master'.
Untracked files:
	.local.git.out
	.local.total.out

nothing added to commit but untracked files present
[master 7ca417b] Commit
 1 file changed, 3 insertions(+), 2 deletions(-)
On branch master
Your branch is up-to-date with 'origin/master'.
Untracked files:
	.local.git.out
	.local.total.out

nothing added to commit but untracked files present
[master d121b54] Commit
 1 file changed, 2 insertions(+), 2 deletions(-)
On branch master
Your branch is up-to-date with 'origin/master'.
Untracked files:
	.local.git.out
	.local.total.out

nothing added to commit but untracked files present
[master 45ce1bd] Commit
 1 file changed, 8 insertions(+), 8 deletions(-)
[master 651a40c] Commit
 1 file changed, 1 insertion(+), 1 deletion(-)
On branch master
Your branch is up-to-date with 'origin/master'.
Untracked files:
	.local.git.out
	.local.total.out

nothing added to commit but untracked files present
[master 6c95c00] Commit
 1 file changed, 2 insertions(+), 2 deletions(-)
On branch master
Your branch is up-to-date with 'origin/master'.
Untracked files:
	.local.git.out
	.local.total.out

nothing added to commit but untracked files present
[master e1400ec] Commit
 1 file changed, 3 insertions(+), 3 deletions(-)
On branch master
Your branch is up-to-date with 'origin/master'.
Untracked files:
	.local.git.out
	.local.total.out

nothing added to commit but untracked files present
[master c7fad55] Commit
 1 file changed, 3 insertions(+), 3 deletions(-)
[master 07ae8c6] Commit
 1 file changed, 1 insertion(+), 1 deletion(-)
[master b039b93] Commit
 1 file changed, 2 insertions(+), 2 deletions(-)
[master b95d5eb] Commit
 1 file changed, 2 insertions(+), 2 deletions(-)
On branch master
Your branch is ahead of 'origin/master' by 1 commit.
  (use "git push" to publish your local commits)
Untracked files:
	.local.git.out
	.local.total.out

nothing added to commit but untracked files present
On branch master
Your branch is ahead of 'origin/master' by 1 commit.
  (use "git push" to publish your local commits)
Untracked files:
	.local.git.out
	.local.total.out

nothing added to commit but untracked files present
On branch master
Your branch is ahead of 'origin/master' by 2 commits.
  (use "git push" to publish your local commits)
Untracked files:
	.local.git.out
	.local.total.out

nothing added to commit but untracked files present
On branch master
Your branch is up-to-date with 'origin/master'.
Untracked files:
	.local.git.out
	.local.total.out

nothing added to commit but untracked files present
[master 5af6faf] Commit
 2 files changed, 2 insertions(+), 2 deletions(-)
On branch master
Your branch is up-to-date with 'origin/master'.
Untracked files:
	.local.git.out
	.local.total.out

nothing added to commit but untracked files present
[master 4ce736d] Commit
 1 file changed, 6 insertions(+), 5 deletions(-)
On branch master
Your branch is up-to-date with 'origin/master'.
Untracked files:
	.local.git.out
	.local.total.out

nothing added to commit but untracked files present
[master cdf1319] Commit
 1 file changed, 1 insertion(+), 1 deletion(-)
On branch master
Your branch is up-to-date with 'origin/master'.
Untracked files:
	.local.git.out
	.local.total.out

nothing added to commit but untracked files present
[master ae613c0] Commit
 1 file changed, 2 insertions(+), 2 deletions(-)
On branch master
Your branch is up-to-date with 'origin/master'.
Untracked files:
	.local.git.out
	.local.total.out

nothing added to commit but untracked files present
[master 8523aad] Commit
 1 file changed, 43 insertions(+), 3 deletions(-)
[master 1e0a238] Commit
 1 file changed, 2 insertions(+), 2 deletions(-)
On branch master
Your branch is up-to-date with 'origin/master'.
Untracked files:
	.local.git.out
	.local.total.out

nothing added to commit but untracked files present
[master 82203d2] Commit
 1 file changed, 1 insertion(+), 1 deletion(-)
On branch master
Your branch is up-to-date with 'origin/master'.
Untracked files:
	.local.git.out
	.local.total.out

nothing added to commit but untracked files present
[master ad4ab64] Commit
 1 file changed, 3 insertions(+), 3 deletions(-)
[master 8feb6b3] Commit
 1 file changed, 4 insertions(+), 4 deletions(-)
[master 5070c33] Commit
 1 file changed, 1 insertion(+), 1 deletion(-)
On branch master
Your branch is up-to-date with 'origin/master'.
Untracked files:
	.local.git.out
	.local.total.out

nothing added to commit but untracked files present
[master fd852db] Commit
 2 files changed, 29 insertions(+), 10 deletions(-)
 create mode 100644 total.txt
[master 6c86b46] Commit
 1 file changed, 2 insertions(+), 2 deletions(-)
[master 38bfacd] Commit
 1 file changed, 1 insertion(+), 1 deletion(-)
[master b505444] Commit
 1 file changed, 15 deletions(-)
 delete mode 100644 total.txt
On branch master
Your branch is up-to-date with 'origin/master'.
Untracked files:
	.local.git.out
	.local.total.out

nothing added to commit but untracked files present
[master 3b51771] Commit
 2 files changed, 17 insertions(+)
 create mode 100644 total.txt
[master 4c51174] Commit
 1 file changed, 11 insertions(+), 8 deletions(-)
[master c9142a8] Commit
 1 file changed, 15 deletions(-)
 delete mode 100644 total.txt
On branch master
Your branch is up-to-date with 'origin/master'.
Untracked files:
	.local.git.out
	.local.total.out

nothing added to commit but untracked files present
[master d205fec] Commit
 1 file changed, 1 insertion(+), 1 deletion(-)
[master e6ff46a] Commit
 1 file changed, 1 insertion(+), 1 deletion(-)
On branch master
Your branch is up-to-date with 'origin/master'.
Untracked files:
	.local.git.out
	.local.total.out

nothing added to commit but untracked files present
[master 3102632] Commit
 2 files changed, 20 insertions(+), 3 deletions(-)
 create mode 100644 total.txt
[master 3bd3fc2] Commit
 1 file changed, 15 deletions(-)
 delete mode 100644 total.txt
On branch master
Your branch is up-to-date with 'origin/master'.
Untracked files:
	.local.git.out
	.local.total.out

nothing added to commit but untracked files present
[master 1a0ac1c] Commit
 2 files changed, 65 insertions(+), 38 deletions(-)
 create mode 100644 total.txt
[master 66991f5] Commit
 1 file changed, 23 insertions(+), 3 deletions(-)
[master fc8c679] Commit
 2 files changed, 1 insertion(+), 16 deletions(-)
 delete mode 100644 total.txt
[master bfdf265] Commit
 1 file changed, 1 insertion(+), 1 deletion(-)
[master f808e7d] Commit
 1 file changed, 1 insertion(+), 1 deletion(-)
On branch master
Your branch is up-to-date with 'origin/master'.
Untracked files:
	.local.git.out
	.local.total.out

nothing added to commit but untracked files present
[master e2967bc] Commit
 1 file changed, 9 insertions(+), 1 deletion(-)
[master a3711af] Commit
 1 file changed, 2 insertions(+), 2 deletions(-)
On branch master
Your branch is up-to-date with 'origin/master'.
Untracked files:
	.local.git.out
	.local.total.out

nothing added to commit but untracked files present
[master fda6488] Commit
 1 file changed, 1 insertion(+), 1 deletion(-)
On branch master
Your branch is up-to-date with 'origin/master'.
Untracked files:
	.local.git.out
	.local.total.out

nothing added to commit but untracked files present
On branch master
Your branch is up-to-date with 'origin/master'.
Untracked files:
	.local.git.out
	.local.total.out

nothing added to commit but untracked files present
[master ffcca79] Commit
 1 file changed, 1 insertion(+), 41 deletions(-)
[master b3bfe16] Commit
 1 file changed, 1 insertion(+), 1 deletion(-)
On branch master
Your branch is up-to-date with 'origin/master'.
Untracked files:
	.local.git.out
	.local.total.out

nothing added to commit but untracked files present
[master d3ccadb] Commit
 1 file changed, 1 insertion(+), 1 deletion(-)
On branch master
Your branch is up-to-date with 'origin/master'.
Untracked files:
	.local.git.out
	.local.total.out

nothing added to commit but untracked files present
[master 5efe7d9] Commit
 1 file changed, 4 insertions(+), 3 deletions(-)
On branch master
Your branch is up-to-date with 'origin/master'.
Untracked files:
	.local.git.out
	.local.total.out

nothing added to commit but untracked files present
[master 69d9f45] Commit
 1 file changed, 17 insertions(+), 15 deletions(-)
On branch master
Your branch is up-to-date with 'origin/master'.
Untracked files:
	.local.git.out
	.local.total.out

nothing added to commit but untracked files present
[master 34f792b] Commit
 1 file changed, 13 insertions(+), 13 deletions(-)
On branch master
Your branch is up-to-date with 'origin/master'.
Untracked files:
	.local.git.out
	.local.total.out

nothing added to commit but untracked files present
[master 303fc54] Commit
 1 file changed, 1 insertion(+), 1 deletion(-)
[master a46153d] Commit
 1 file changed, 5 insertions(+), 2 deletions(-)
[master fa9b2cf] Commit
 1 file changed, 1 insertion(+), 1 deletion(-)
[master d2267ef] Commit
 1 file changed, 4 insertions(+), 2 deletions(-)
On branch master
Your branch is up-to-date with 'origin/master'.
Untracked files:
	.MyMalloc.h.swp
	.local.git.out
	.local.total.out

nothing added to commit but untracked files present
[master 094b115] Commit
 1 file changed, 1 insertion(+), 1 deletion(-)
[master 8da06ad] Commit
 1 file changed, 2 insertions(+), 2 deletions(-)
On branch master
Your branch is up-to-date with 'origin/master'.
Untracked files:
	.MyMalloc.h.swp
	.local.git.out
	.local.total.out

nothing added to commit but untracked files present
On branch master
Your branch is up-to-date with 'origin/master'.
Untracked files:
	.MyMalloc.h.swp
	.local.git.out
	.local.total.out

nothing added to commit but untracked files present
[master e072915] Commit
 1 file changed, 1 insertion(+), 1 deletion(-)
[master e040377] Commit
 1 file changed, 1 insertion(+), 1 deletion(-)
[master a904245] Commit
 1 file changed, 1 insertion(+), 1 deletion(-)
On branch master
Your branch is up-to-date with 'origin/master'.
Untracked files:
	.MyMalloc.h.swp
	.local.git.out
	.local.total.out

nothing added to commit but untracked files present
[master 1269b99] Commit
 1 file changed, 1 insertion(+), 1 deletion(-)
[master ea7ac7b] Commit
 1 file changed, 2 insertions(+), 3 deletions(-)
On branch master
Your branch is up-to-date with 'origin/master'.
Untracked files:
	.local.git.out
	.local.total.out

nothing added to commit but untracked files present
[master ad9e9c7] Commit
 1 file changed, 2 insertions(+), 2 deletions(-)
[master caee441] Commit
 1 file changed, 2 insertions(+), 1 deletion(-)
On branch master
Your branch is up-to-date with 'origin/master'.
Untracked files:
	.local.git.out
	.local.total.out

nothing added to commit but untracked files present
On branch master
Your branch is up-to-date with 'origin/master'.
Untracked files:
	.local.git.out
	.local.total.out

nothing added to commit but untracked files present
On branch master
Your branch is up-to-date with 'origin/master'.
Untracked files:
	.local.git.out
	.local.total.out

nothing added to commit but untracked files present
[master 1e2a634] Commit
 1 file changed, 5 insertions(+), 4 deletions(-)
On branch master
Your branch is up-to-date with 'origin/master'.
Untracked files:
	.local.git.out
	.local.total.out

nothing added to commit but untracked files present
[master 3997462] Commit
 1 file changed, 4 insertions(+), 1 deletion(-)
On branch master
Your branch is up-to-date with 'origin/master'.
Untracked files:
	.local.git.out
	.local.total.out

nothing added to commit but untracked files present
[master 9801727] Commit
 1 file changed, 2 insertions(+), 2 deletions(-)
[master 6ffd474] Commit
 1 file changed, 3 insertions(+), 3 deletions(-)
[master e850929] Commit
 1 file changed, 15 insertions(+)
 create mode 100644 total.txt
[master c33bf01] Commit
 1 file changed, 15 deletions(-)
 delete mode 100644 total.txt
On branch master
Your branch is up-to-date with 'origin/master'.
Untracked files:
	.local.git.out
	.local.total.out

nothing added to commit but untracked files present
[master 93698dd] Commit
 1 file changed, 9 insertions(+), 9 deletions(-)
[master 4b8ca4a] Commit
 1 file changed, 1 insertion(+), 1 deletion(-)
[master d8aa1e1] Commit
 1 file changed, 7 insertions(+), 5 deletions(-)
[master da8f8fc] Commit
 1 file changed, 6 insertions(+), 2 deletions(-)
[master e6b81a7] Commit
 1 file changed, 9 insertions(+), 10 deletions(-)
