CS252: lab1. ramosf Tue Aug 29 10:48:01 EDT 2017  Total:  5 of 100

CS252: lab1. ramosf Tue Aug 29 10:51:19 EDT 2017  Total:  5 of 100

CS252: lab1. ramosf Tue Aug 29 12:09:31 EDT 2017  Total:  5 of 100

CS252: lab1. ramosf Tue Aug 29 12:18:27 EDT 2017  Total:  5 of 100

CS252: lab1. ramosf Tue Aug 29 13:28:04 EDT 2017  Total:  5 of 100

CS252: lab1. ramosf Tue Aug 29 21:20:27 EDT 2017  Total:  5 of 100

CS252: lab1. ramosf Tue Aug 29 21:26:53 EDT 2017  Total:  5 of 100

CS252: lab1. ramosf Tue Aug 29 22:00:08 EDT 2017  Total:  25 of 100

CS252: lab1. ramosf Tue Aug 29 22:17:59 EDT 2017  Total:  25 of 100

CS252: lab1. ramosf Tue Aug 29 22:29:22 EDT 2017  Total:  25 of 100

CS252: lab1. ramosf Tue Aug 29 22:34:42 EDT 2017  Total:  25 of 100

CS252: lab1. ramosf Tue Aug 29 22:41:48 EDT 2017  Total:  25 of 100

CS252: lab1. ramosf Tue Aug 29 22:59:55 EDT 2017  Total:  25 of 100

CS252: lab1. ramosf Tue Aug 29 23:58:35 EDT 2017  Total:  25 of 100

CS252: lab1. ramosf Wed Aug 30 00:00:03 EDT 2017  Total:  30 of 100

CS252: lab1. ramosf Wed Aug 30 00:23:37 EDT 2017  Total:  30 of 100

CS252: lab1. ramosf Wed Aug 30 00:30:09 EDT 2017  Total:  30 of 100

CS252: lab1. ramosf Wed Aug 30 00:31:28 EDT 2017  Total:  30 of 100

CS252: lab1. ramosf Wed Aug 30 00:36:53 EDT 2017  Total:  20 of 100

CS252: lab1. ramosf Wed Aug 30 13:27:56 EDT 2017  Total:  20 of 100

CS252: lab1. ramosf Wed Aug 30 13:37:21 EDT 2017  Total:  20 of 100

CS252: lab1. ramosf Wed Aug 30 13:43:59 EDT 2017  Total:  20 of 100

CS252: lab1. ramosf Wed Aug 30 13:49:03 EDT 2017  Total:  20 of 100

CS252: lab1. ramosf Wed Aug 30 13:56:13 EDT 2017  Total:  20 of 100

CS252: lab1. ramosf Wed Aug 30 14:29:28 EDT 2017  Total:  20 of 100

CS252: lab1. ramosf Wed Aug 30 14:32:24 EDT 2017  Total:  20 of 100

CS252: lab1. ramosf Wed Aug 30 15:07:52 EDT 2017  Total:  10 of 100

CS252: lab1. ramosf Wed Aug 30 15:08:25 EDT 2017  Total:  20 of 100

CS252: lab1. ramosf Wed Aug 30 20:32:23 EDT 2017  Total:  20 of 100

CS252: lab1. ramosf Wed Aug 30 20:35:57 EDT 2017  Total:  20 of 100

CS252: lab1. ramosf Wed Aug 30 21:11:07 EDT 2017  Total:  20 of 100

CS252: lab1. ramosf Wed Aug 30 21:26:13 EDT 2017  Total:  30 of 100

CS252: lab1. ramosf Sun Sep 3 19:18:24 EDT 2017  Total:  30 of 100

CS252: lab1. ramosf Sun Sep 3 19:52:29 EDT 2017  Total:  30 of 100

CS252: lab1. ramosf Sun Sep 3 20:45:25 EDT 2017  Total:  30 of 100

CS252: lab1. ramosf Sun Sep 3 20:46:56 EDT 2017  Total:  30 of 100

CS252: lab1. ramosf Sun Sep 3 20:54:29 EDT 2017  Total:  30 of 100

CS252: lab1. ramosf Sun Sep 3 21:42:23 EDT 2017  Total:  30 of 100

CS252: lab1. ramosf Sun Sep 3 21:49:36 EDT 2017  Total:  30 of 100

CS252: lab1. ramosf Sun Sep 3 21:58:52 EDT 2017  Total:  30 of 100

CS252: lab1. ramosf Sun Sep 3 22:05:57 EDT 2017  Total:  30 of 100

CS252: lab1. ramosf Mon Sep 4 18:07:37 EDT 2017  Total:  30 of 100

CS252: lab1. ramosf Mon Sep 4 18:14:50 EDT 2017  Total:  30 of 100

CS252: lab1. ramosf Mon Sep 4 18:55:16 EDT 2017  Total:  30 of 100

CS252: lab1. ramosf Mon Sep 4 19:55:08 EDT 2017  Total:  30 of 100

CS252: lab1. ramosf Mon Sep 4 20:55:17 EDT 2017  Total:  10 of 100

CS252: lab1. ramosf Mon Sep 4 20:55:41 EDT 2017  Total:  30 of 100

CS252: lab1. ramosf Mon Sep 4 21:00:04 EDT 2017  Total:  30 of 100

CS252: lab1. ramosf Mon Sep 4 21:01:00 EDT 2017  Total:  30 of 100

CS252: lab1. ramosf Mon Sep 4 21:28:10 EDT 2017  Total:  10 of 100

CS252: lab1. ramosf Mon Sep 4 21:29:12 EDT 2017  Total:  10 of 100

CS252: lab1. ramosf Mon Sep 4 21:29:45 EDT 2017  Total:  30 of 100

CS252: lab1. ramosf Mon Sep 4 21:43:02 EDT 2017  Total:  30 of 100

CS252: lab1. ramosf Tue Sep 5 11:20:43 EDT 2017  Total:  30 of 100

CS252: lab1. ramosf Tue Sep 5 11:29:36 EDT 2017  Total:  95 of 100

CS252: lab1. ramosf Tue Sep 5 11:31:42 EDT 2017  Total:  95 of 100

CS252: lab1. ramosf Tue Sep 5 11:34:22 EDT 2017  Total:  100 of 100

CS252: lab1. ramosf Wed Sep 6 14:50:46 EDT 2017  Total:  100 of 100

